+++ calling  ./simv_52144_dsi3_crm_timing +UVM_VERBOSITY=UVM_MEDIUM +bus_conflict_off +warn=noFCICIO -ucli -assert nopostproc +UVM_LOG_RECORD -verdi_opts '-ssr Verdi.ses' +uvm_set_type_override=top_default_seq,dsi3_crm_timing_seq -i run.tcl -vcs_assert off +UVM_VERDI_TRACE="UVM_AWARE+RAL+TLM+MSG+HIER+PRINT" +UVM_LOG_RECORD +UVM_TESTNAME=top_test +UVM_TR_RECORD +vcs+lic+wait -reportstats -cm line+cond+fsm+tgl+branch+assert -cm_dir DIGITAL/results/vcs/dsi3_crm_timing.vdb -lca   +fsdbfile+dsi3_crm_timing.fsdb
 ++ in dir   /nfs/wrk.zaa/sim/52144/m52144a/dsi3_crm_timing
 ++ on host  ex04.elmos.de
 ++ user     zaa
 ++ start    2025-06-09T10:04:13
+++++++++++++++++++++++++++++++++++++++++++++++++++++++++++++++++++++++++++++++


Warning-[LCA_FEATURES_ENABLED] Usage warning
  LCA features enabled by '-lca' argument on the command line.  For more 
  information regarding list of LCA features please refer to Chapter "LCA 
  features" in the VCS Release Notes

Chronologic VCS simulator copyright 1991-2021
Contains Synopsys proprietary information.
Compiler version S-2021.09-1_Full64; Runtime version S-2021.09-1_Full64;  Jun  9 12:04 2025
UVM_INFO /common/run/synopsys/vcs/S-2021.09-1/etc/uvm-1.2/src/base/uvm_root.svh(402) @ 0: reporter [UVM/RELNOTES] 
----------------------------------------------------------------
UVM-1.2.Synopsys
(C) 2007-2014 Mentor Graphics Corporation
(C) 2007-2014 Cadence Design Systems, Inc.
(C) 2006-2014 Synopsys, Inc.
(C) 2011-2013 Cypress Semiconductor Corp.
(C) 2013-2014 NVIDIA Corporation
----------------------------------------------------------------

  ***********       IMPORTANT RELEASE NOTES         ************

  You are using a version of the UVM library that has been compiled
  with `UVM_OBJECT_DO_NOT_NEED_CONSTRUCTOR undefined.
  See http://www.eda.org/svdb/view.php?id=3770 for more details.

      (Specify +UVM_NO_RELNOTES to turn off this notice)


 VCS Coverage Metrics Release S-2021.09-1_Full64 Copyright (c) 1991-2021 by Synopsys Inc.
ucli% source dump.tcl
*Verdi* Loading libsscore_vcsmx202109.so
FSDB Dumper for VCS-MX, Release Verdi_U-2023.03-1, Linux x86_64/64bit, 04/17/2023
(C) 1996 - 2023 by Synopsys, Inc.
*Verdi* : Create FSDB file 'dsi3_crm_timing.fsdb'
*Verdi* : fsdbDumpon("glitch") - All FSDB files at 0 ps.
*Verdi* : Begin traversing the scope (top_tb), layer (0).
*Verdi* : Enable +all dumping.
*Verdi* : End of traversing.
*Verdi* : Flush all FSDB Files at 0 ps.
1
ucli% if { [info exists ::env(GATE_LEVEL)] } {
	source tcheck.tcl
}
ucli% run
*Verdi* Enable Verdi Message Catcher.
UVM_INFO /common/run/synopsys/vcs/S-2021.09-1/etc/uvm-1.2/src/verdi/uvm_custom_install_verdi_recorder.sv(283) @ 0: reporter [VERDI_TR_AUTO] +UVM_TR_RECORD implicitly enables recording_details to UVM_FULL for all components. For explicit control use +UVM_DISABLE_AUTO_COMPONENT and set recording_detail on components accordingly
UVM_INFO @ 0: reporter [RNTST] Running test top_test...

<<SiDENSE_IPS_WARN [0]:\top_tb.th.i_dut_wrapper.xtop.xdigtop.i_logic_top.i_test.i_test_control.i_otp_wrapper.U_OTPWRAP_L3_TOP.U_OTPWRAP_L2_CPU.U_OTPWRAP_L1_JTAG.U_OTPWRAP_L0_ATPG.GEN_TSMC.U_OTP4KX12 .u_ips:   Not Allowed controls for VRR applied. {VRREN,MRR[15],MRR[12:7]} = x_x_xxxxxx

<<SiDENSE_IPS_WARN [0]:\top_tb.th.i_dut_wrapper.xtop.xdigtop.i_logic_top.i_test.i_test_control.i_otp_wrapper.U_OTPWRAP_L3_TOP.U_OTPWRAP_L2_CPU.U_OTPWRAP_L1_JTAG.U_OTPWRAP_L0_ATPG.GEN_TSMC.U_OTP4KX12 .u_ips:   Not Allowed controls for VREF applied. {VRREN,MRR[15],MRR[12:7]} = x_x_xxxxxx

<<SiDENSE_IPS_WARN [0]:\top_tb.th.i_dut_wrapper.xtop.xdigtop.i_logic_top.i_test.i_test_control.i_otp_wrapper.U_OTPWRAP_L3_TOP.U_OTPWRAP_L2_CPU.U_OTPWRAP_L1_JTAG.U_OTPWRAP_L0_ATPG.GEN_TSMC.U_OTP4KX12 .u_ips:   Not Allowed controls for VBG applied. {VRREN,MRR[15],MRR[12:7]} = x_x_xxxxxx
UVM_INFO @ 0: reporter [UVM_CMDLINE_PROC] Applying type override from the command line: +uvm_set_type_override=top_default_seq,dsi3_crm_timing_seq
UVM_INFO   @       0.0000000us:  [UVM_VERDI_DPI]         uvm_verdi DPI routines are compiled off. Recompile without +define+UVM_NO_VERDI_DPI 
UVM_INFO   @       0.0000000us:  [dsi3_crm_timing_seq]   dsi3_crm_timing_seq sequence starting  	/nfs/wrk.zaa/gittea/52144/DIGITAL/tb_eugene/agents/top/includes/top_seq_inc.sv(98) 
*Verdi* Enable Verdi Recorder.
Info: Verdi UVM 1.2 Hooks File 06/17/2014 
UVM_INFO   @       0.0010000us:  [sim:task]              dsi3_crm_timing 
UVM_INFO   @    2120.0010000us:  [sim:description]       '''Testcase to measure different CRM timing parameters''' 
UVM_INFO   @    2120.0010000us:  [sim:description:1]     *read CRM packet data at end of packet reception 
UVM_INFO   @   34992.6010000us:  [sim:measure]           't__CRM,davail__' = '10.760000' 
UVM_INFO   @   95501.3610000us:  [sim:measure]           't__CRM,davail__' = '10.912000' 
UVM_INFO   @  117403.2810000us:  [sim:measure]           'CRM_TIME' status = PASS 
UVM_INFO   @  117403.2810000us:  [sim:description:1]     *measure CRM answer time on all channels 
UVM_ERROR  @  117805.3381730us:  [m_master_transmission_checker_0] unexpected CRC flag for CRC_EN = 0 in packet header at channel 0, expected 0, read 0  	/nfs/wrk.zaa/gittea/52144/DIGITAL/tb_eugene/dut/dsi3_master_transmission_checker.svh(1327) 
UVM_ERROR  @  118256.5603610us:  [m_master_transmission_checker_0] unexpected CRC flag for CRC_EN = 0 in packet header at channel 0, expected 0, read 0  	/nfs/wrk.zaa/gittea/52144/DIGITAL/tb_eugene/dut/dsi3_master_transmission_checker.svh(1327) 
UVM_ERROR  @  118256.5603610us:  [m_master_transmission_checker_1] unexpected CRC flag for CRC_EN = 0 in packet header at channel 1, expected 0, read 0  	/nfs/wrk.zaa/gittea/52144/DIGITAL/tb_eugene/dut/dsi3_master_transmission_checker.svh(1327) 
UVM_ERROR  @  118707.0048060us:  [m_master_transmission_checker_0] unexpected CRC flag for CRC_EN = 0 in packet header at channel 0, expected 0, read 0  	/nfs/wrk.zaa/gittea/52144/DIGITAL/tb_eugene/dut/dsi3_master_transmission_checker.svh(1327) 
UVM_ERROR  @  118707.0048060us:  [m_master_transmission_checker_1] unexpected CRC flag for CRC_EN = 0 in packet header at channel 1, expected 0, read 0  	/nfs/wrk.zaa/gittea/52144/DIGITAL/tb_eugene/dut/dsi3_master_transmission_checker.svh(1327) 
UVM_INFO   @  118707.0048060us:  [m_master_transmission_checker_1] ignored TE (timing error) flag because of gray zone timing  	/nfs/wrk.zaa/gittea/52144/DIGITAL/tb_eugene/dut/dsi3_master_transmission_checker.svh(1341) 
UVM_INFO   @  119154.5604140us:  [m_master_transmission_checker_0] ignored TE (timing error) flag because of gray zone timing  	/nfs/wrk.zaa/gittea/52144/DIGITAL/tb_eugene/dut/dsi3_master_transmission_checker.svh(1341) 
UVM_ERROR  @  119154.5604140us:  [m_master_transmission_checker_1] unexpected CRC flag for CRC_EN = 0 in packet header at channel 1, expected 0, read 0  	/nfs/wrk.zaa/gittea/52144/DIGITAL/tb_eugene/dut/dsi3_master_transmission_checker.svh(1327) 
UVM_INFO   @  119154.5604140us:  [m_master_transmission_checker_1] ignored TE (timing error) flag because of gray zone timing  	/nfs/wrk.zaa/gittea/52144/DIGITAL/tb_eugene/dut/dsi3_master_transmission_checker.svh(1341) 
UVM_ERROR  @  119601.3937220us:  [m_master_transmission_checker_0] unexpected CRC flag for CRC_EN = 0 in packet header at channel 0, expected 0, read 0  	/nfs/wrk.zaa/gittea/52144/DIGITAL/tb_eugene/dut/dsi3_master_transmission_checker.svh(1327) 
UVM_INFO   @  119601.3937220us:  [m_master_transmission_checker_0] ignored TE (timing error) flag because of gray zone timing  	/nfs/wrk.zaa/gittea/52144/DIGITAL/tb_eugene/dut/dsi3_master_transmission_checker.svh(1341) 
UVM_ERROR  @  119601.3937220us:  [m_master_transmission_checker_1] unexpected CRC flag for CRC_EN = 0 in packet header at channel 1, expected 0, read 0  	/nfs/wrk.zaa/gittea/52144/DIGITAL/tb_eugene/dut/dsi3_master_transmission_checker.svh(1327) 
UVM_INFO   @  119601.3937220us:  [m_master_transmission_checker_1] ignored TE (timing error) flag because of gray zone timing  	/nfs/wrk.zaa/gittea/52144/DIGITAL/tb_eugene/dut/dsi3_master_transmission_checker.svh(1341) 
UVM_ERROR  @  120048.1159370us:  [m_master_transmission_checker_0] unexpected CRC flag for CRC_EN = 0 in packet header at channel 0, expected 0, read 0  	/nfs/wrk.zaa/gittea/52144/DIGITAL/tb_eugene/dut/dsi3_master_transmission_checker.svh(1327) 
UVM_INFO   @  120048.1159370us:  [m_master_transmission_checker_0] ignored TE (timing error) flag because of gray zone timing  	/nfs/wrk.zaa/gittea/52144/DIGITAL/tb_eugene/dut/dsi3_master_transmission_checker.svh(1341) 
UVM_ERROR  @  120048.1159370us:  [m_master_transmission_checker_1] unexpected CRC flag for CRC_EN = 0 in packet header at channel 1, expected 0, read 0  	/nfs/wrk.zaa/gittea/52144/DIGITAL/tb_eugene/dut/dsi3_master_transmission_checker.svh(1327) 
UVM_INFO   @  120048.1159370us:  [m_master_transmission_checker_1] ignored TE (timing error) flag because of gray zone timing  	/nfs/wrk.zaa/gittea/52144/DIGITAL/tb_eugene/dut/dsi3_master_transmission_checker.svh(1341) 
UVM_ERROR  @  120491.0048220us:  [m_master_transmission_checker_0] unexpected CRC flag for CRC_EN = 0 in packet header at channel 0, expected 0, read 0  	/nfs/wrk.zaa/gittea/52144/DIGITAL/tb_eugene/dut/dsi3_master_transmission_checker.svh(1327) 
UVM_INFO   @  120491.0048220us:  [m_master_transmission_checker_0] ignored TE (timing error) flag because of gray zone timing  	/nfs/wrk.zaa/gittea/52144/DIGITAL/tb_eugene/dut/dsi3_master_transmission_checker.svh(1341) 
UVM_ERROR  @  120491.0048220us:  [m_master_transmission_checker_1] unexpected CRC flag for CRC_EN = 0 in packet header at channel 1, expected 0, read 0  	/nfs/wrk.zaa/gittea/52144/DIGITAL/tb_eugene/dut/dsi3_master_transmission_checker.svh(1327) 
UVM_INFO   @  120491.0048220us:  [m_master_transmission_checker_1] ignored TE (timing error) flag because of gray zone timing  	/nfs/wrk.zaa/gittea/52144/DIGITAL/tb_eugene/dut/dsi3_master_transmission_checker.svh(1341) 
UVM_INFO   @  120934.6715100us:  [m_master_transmission_checker_0] ignored TE (timing error) flag because of gray zone timing  	/nfs/wrk.zaa/gittea/52144/DIGITAL/tb_eugene/dut/dsi3_master_transmission_checker.svh(1341) 
UVM_INFO   @  120934.6715100us:  [m_master_transmission_checker_1] ignored TE (timing error) flag because of gray zone timing  	/nfs/wrk.zaa/gittea/52144/DIGITAL/tb_eugene/dut/dsi3_master_transmission_checker.svh(1341) 
UVM_ERROR  @  121377.9493060us:  [m_master_transmission_checker_0] unexpected CRC flag for CRC_EN = 0 in packet header at channel 0, expected 0, read 0  	/nfs/wrk.zaa/gittea/52144/DIGITAL/tb_eugene/dut/dsi3_master_transmission_checker.svh(1327) 
UVM_INFO   @  121377.9493060us:  [m_master_transmission_checker_0] ignored TE (timing error) flag because of gray zone timing  	/nfs/wrk.zaa/gittea/52144/DIGITAL/tb_eugene/dut/dsi3_master_transmission_checker.svh(1341) 
UVM_INFO   @  121377.9493060us:  [m_master_transmission_checker_1] ignored TE (timing error) flag because of gray zone timing  	/nfs/wrk.zaa/gittea/52144/DIGITAL/tb_eugene/dut/dsi3_master_transmission_checker.svh(1341) 
UVM_INFO   @  121819.8937130us:  [m_master_transmission_checker_0] ignored TE (timing error) flag because of gray zone timing  	/nfs/wrk.zaa/gittea/52144/DIGITAL/tb_eugene/dut/dsi3_master_transmission_checker.svh(1341) 
UVM_ERROR  @  121819.8937130us:  [m_master_transmission_checker_1] unexpected CRC flag for CRC_EN = 0 in packet header at channel 1, expected 0, read 0  	/nfs/wrk.zaa/gittea/52144/DIGITAL/tb_eugene/dut/dsi3_master_transmission_checker.svh(1327) 
UVM_INFO   @  121819.8937130us:  [m_master_transmission_checker_1] ignored TE (timing error) flag because of gray zone timing  	/nfs/wrk.zaa/gittea/52144/DIGITAL/tb_eugene/dut/dsi3_master_transmission_checker.svh(1341) 
UVM_INFO   @  121872.8787130us:  [sim:measure]           't__CRM,answer,low,8__' = '272' condition = 't__DSI,BIT__ = BITTIME_8US' 
UVM_ERROR  @  122257.7826220us:  [m_master_transmission_checker_0] unexpected CRC flag for CRC_EN = 0 in packet header at channel 0, expected 0, read 0  	/nfs/wrk.zaa/gittea/52144/DIGITAL/tb_eugene/dut/dsi3_master_transmission_checker.svh(1327) 
UVM_INFO   @  122257.7826220us:  [m_master_transmission_checker_0] ignored TE (timing error) flag because of gray zone timing  	/nfs/wrk.zaa/gittea/52144/DIGITAL/tb_eugene/dut/dsi3_master_transmission_checker.svh(1341) 
UVM_ERROR  @  122257.7826220us:  [m_master_transmission_checker_1] unexpected CRC flag for CRC_EN = 0 in packet header at channel 1, expected 0, read 0  	/nfs/wrk.zaa/gittea/52144/DIGITAL/tb_eugene/dut/dsi3_master_transmission_checker.svh(1327) 
UVM_INFO   @  122257.7826220us:  [m_master_transmission_checker_1] ignored TE (timing error) flag because of gray zone timing  	/nfs/wrk.zaa/gittea/52144/DIGITAL/tb_eugene/dut/dsi3_master_transmission_checker.svh(1341) 
UVM_INFO   @  122310.7676220us:  [sim:measure]           't__CRM,answer,low,8__' = '271' condition = 't__DSI,BIT__ = BITTIME_8US' 
UVM_ERROR  @  122733.5048340us:  [m_master_transmission_checker_0] unexpected CRC flag for CRC_EN = 0 in packet header at channel 0, expected 0, read 0  	/nfs/wrk.zaa/gittea/52144/DIGITAL/tb_eugene/dut/dsi3_master_transmission_checker.svh(1327) 
UVM_INFO   @  124166.0048460us:  [m_master_transmission_checker_0] ignored TE (timing error) flag because of gray zone timing  	/nfs/wrk.zaa/gittea/52144/DIGITAL/tb_eugene/dut/dsi3_master_transmission_checker.svh(1341) 
UVM_INFO   @  124166.0048460us:  [m_master_transmission_checker_1] ignored TE (timing error) flag because of gray zone timing  	/nfs/wrk.zaa/gittea/52144/DIGITAL/tb_eugene/dut/dsi3_master_transmission_checker.svh(1341) 
UVM_INFO   @  124647.6714780us:  [m_master_transmission_checker_0] ignored TE (timing error) flag because of gray zone timing  	/nfs/wrk.zaa/gittea/52144/DIGITAL/tb_eugene/dut/dsi3_master_transmission_checker.svh(1341) 
UVM_INFO   @  124647.6714780us:  [m_master_transmission_checker_1] ignored TE (timing error) flag because of gray zone timing  	/nfs/wrk.zaa/gittea/52144/DIGITAL/tb_eugene/dut/dsi3_master_transmission_checker.svh(1341) 
UVM_ERROR  @  125127.8937260us:  [m_master_transmission_checker_0] unexpected CRC flag for CRC_EN = 0 in packet header at channel 0, expected 0, read 0  	/nfs/wrk.zaa/gittea/52144/DIGITAL/tb_eugene/dut/dsi3_master_transmission_checker.svh(1327) 
UVM_INFO   @  125127.8937260us:  [m_master_transmission_checker_0] ignored TE (timing error) flag because of gray zone timing  	/nfs/wrk.zaa/gittea/52144/DIGITAL/tb_eugene/dut/dsi3_master_transmission_checker.svh(1341) 
UVM_ERROR  @  125127.8937260us:  [m_master_transmission_checker_1] unexpected CRC flag for CRC_EN = 0 in packet header at channel 1, expected 0, read 0  	/nfs/wrk.zaa/gittea/52144/DIGITAL/tb_eugene/dut/dsi3_master_transmission_checker.svh(1327) 
UVM_INFO   @  125127.8937260us:  [m_master_transmission_checker_1] ignored TE (timing error) flag because of gray zone timing  	/nfs/wrk.zaa/gittea/52144/DIGITAL/tb_eugene/dut/dsi3_master_transmission_checker.svh(1341) 
UVM_INFO   @  125609.6159510us:  [m_master_transmission_checker_0] ignored TE (timing error) flag because of gray zone timing  	/nfs/wrk.zaa/gittea/52144/DIGITAL/tb_eugene/dut/dsi3_master_transmission_checker.svh(1341) 
UVM_INFO   @  125609.6159510us:  [m_master_transmission_checker_1] ignored TE (timing error) flag because of gray zone timing  	/nfs/wrk.zaa/gittea/52144/DIGITAL/tb_eugene/dut/dsi3_master_transmission_checker.svh(1341) 
UVM_ERROR  @  126091.1159500us:  [m_master_transmission_checker_0] unexpected CRC flag for CRC_EN = 0 in packet header at channel 0, expected 0, read 0  	/nfs/wrk.zaa/gittea/52144/DIGITAL/tb_eugene/dut/dsi3_master_transmission_checker.svh(1327) 
UVM_INFO   @  126091.1159500us:  [m_master_transmission_checker_0] ignored TE (timing error) flag because of gray zone timing  	/nfs/wrk.zaa/gittea/52144/DIGITAL/tb_eugene/dut/dsi3_master_transmission_checker.svh(1341) 
UVM_ERROR  @  126091.1159500us:  [m_master_transmission_checker_1] unexpected CRC flag for CRC_EN = 0 in packet header at channel 1, expected 0, read 0  	/nfs/wrk.zaa/gittea/52144/DIGITAL/tb_eugene/dut/dsi3_master_transmission_checker.svh(1327) 
UVM_INFO   @  126091.1159500us:  [m_master_transmission_checker_1] ignored TE (timing error) flag because of gray zone timing  	/nfs/wrk.zaa/gittea/52144/DIGITAL/tb_eugene/dut/dsi3_master_transmission_checker.svh(1341) 
UVM_ERROR  @  126576.2270540us:  [m_master_transmission_checker_0] unexpected CRC flag for CRC_EN = 0 in packet header at channel 0, expected 0, read 0  	/nfs/wrk.zaa/gittea/52144/DIGITAL/tb_eugene/dut/dsi3_master_transmission_checker.svh(1327) 
UVM_INFO   @  126576.2270540us:  [m_master_transmission_checker_0] ignored TE (timing error) flag because of gray zone timing  	/nfs/wrk.zaa/gittea/52144/DIGITAL/tb_eugene/dut/dsi3_master_transmission_checker.svh(1341) 
UVM_INFO   @  126576.2270540us:  [m_master_transmission_checker_1] ignored TE (timing error) flag because of gray zone timing  	/nfs/wrk.zaa/gittea/52144/DIGITAL/tb_eugene/dut/dsi3_master_transmission_checker.svh(1341) 
UVM_ERROR  @  127058.7270260us:  [m_master_transmission_checker_0] unexpected CRC flag for CRC_EN = 0 in packet header at channel 0, expected 0, read 0  	/nfs/wrk.zaa/gittea/52144/DIGITAL/tb_eugene/dut/dsi3_master_transmission_checker.svh(1327) 
UVM_INFO   @  127058.7270260us:  [m_master_transmission_checker_0] ignored TE (timing error) flag because of gray zone timing  	/nfs/wrk.zaa/gittea/52144/DIGITAL/tb_eugene/dut/dsi3_master_transmission_checker.svh(1341) 
UVM_ERROR  @  127058.7270260us:  [m_master_transmission_checker_1] unexpected CRC flag for CRC_EN = 0 in packet header at channel 1, expected 0, read 0  	/nfs/wrk.zaa/gittea/52144/DIGITAL/tb_eugene/dut/dsi3_master_transmission_checker.svh(1327) 
UVM_INFO   @  127058.7270260us:  [m_master_transmission_checker_1] ignored TE (timing error) flag because of gray zone timing  	/nfs/wrk.zaa/gittea/52144/DIGITAL/tb_eugene/dut/dsi3_master_transmission_checker.svh(1341) 
UVM_INFO   @  127111.7120260us:  [sim:measure]           't__CRM,answer,high,8__' = '313' condition = 't__DSI,BIT__ = BITTIME_8US' 
UVM_INFO   @  127111.7120260us:  [sim:measure]           't__CRM,answer,high,8__' = '313' condition = 't__DSI,BIT__ = BITTIME_8US' 
UVM_INFO   @  127225.2320260us:  [sim:measure]           'CRM_TIME' status = PASS 
UVM_INFO   @  127225.2320260us:  [sim:description:1]     *measure CRM answer time on all channels 
UVM_ERROR  @  127907.9492740us:  [m_master_transmission_checker_1] unexpected CRC flag for CRC_EN = 0 in packet header at channel 1, expected 0, read 0  	/nfs/wrk.zaa/gittea/52144/DIGITAL/tb_eugene/dut/dsi3_master_transmission_checker.svh(1327) 
UVM_ERROR  @  128653.5603740us:  [m_master_transmission_checker_0] unexpected CRC flag for CRC_EN = 0 in packet header at channel 0, expected 0, read 0  	/nfs/wrk.zaa/gittea/52144/DIGITAL/tb_eugene/dut/dsi3_master_transmission_checker.svh(1327) 
UVM_ERROR  @  128653.5603740us:  [m_master_transmission_checker_1] unexpected CRC flag for CRC_EN = 0 in packet header at channel 1, expected 0, read 0  	/nfs/wrk.zaa/gittea/52144/DIGITAL/tb_eugene/dut/dsi3_master_transmission_checker.svh(1327) 
UVM_ERROR  @  129405.9493060us:  [m_master_transmission_checker_1] unexpected CRC flag for CRC_EN = 0 in packet header at channel 1, expected 0, read 0  	/nfs/wrk.zaa/gittea/52144/DIGITAL/tb_eugene/dut/dsi3_master_transmission_checker.svh(1327) 
UVM_INFO   @  129405.9493060us:  [m_master_transmission_checker_1] ignored TE (timing error) flag because of gray zone timing  	/nfs/wrk.zaa/gittea/52144/DIGITAL/tb_eugene/dut/dsi3_master_transmission_checker.svh(1341) 
UVM_ERROR  @  130157.6159380us:  [m_master_transmission_checker_0] unexpected CRC flag for CRC_EN = 0 in packet header at channel 0, expected 0, read 0  	/nfs/wrk.zaa/gittea/52144/DIGITAL/tb_eugene/dut/dsi3_master_transmission_checker.svh(1327) 
UVM_INFO   @  130157.6159380us:  [m_master_transmission_checker_0] ignored TE (timing error) flag because of gray zone timing  	/nfs/wrk.zaa/gittea/52144/DIGITAL/tb_eugene/dut/dsi3_master_transmission_checker.svh(1341) 
UVM_INFO   @  130157.6159380us:  [m_master_transmission_checker_1] ignored TE (timing error) flag because of gray zone timing  	/nfs/wrk.zaa/gittea/52144/DIGITAL/tb_eugene/dut/dsi3_master_transmission_checker.svh(1341) 
UVM_ERROR  @  130907.2826260us:  [m_master_transmission_checker_0] unexpected CRC flag for CRC_EN = 0 in packet header at channel 0, expected 0, read 0  	/nfs/wrk.zaa/gittea/52144/DIGITAL/tb_eugene/dut/dsi3_master_transmission_checker.svh(1327) 
UVM_INFO   @  130907.2826260us:  [m_master_transmission_checker_0] ignored TE (timing error) flag because of gray zone timing  	/nfs/wrk.zaa/gittea/52144/DIGITAL/tb_eugene/dut/dsi3_master_transmission_checker.svh(1341) 
UVM_INFO   @  130907.2826260us:  [m_master_transmission_checker_1] ignored TE (timing error) flag because of gray zone timing  	/nfs/wrk.zaa/gittea/52144/DIGITAL/tb_eugene/dut/dsi3_master_transmission_checker.svh(1341) 
UVM_INFO   @  131657.7270590us:  [m_master_transmission_checker_0] ignored TE (timing error) flag because of gray zone timing  	/nfs/wrk.zaa/gittea/52144/DIGITAL/tb_eugene/dut/dsi3_master_transmission_checker.svh(1341) 
UVM_ERROR  @  131657.7270590us:  [m_master_transmission_checker_1] unexpected CRC flag for CRC_EN = 0 in packet header at channel 1, expected 0, read 0  	/nfs/wrk.zaa/gittea/52144/DIGITAL/tb_eugene/dut/dsi3_master_transmission_checker.svh(1327) 
UVM_INFO   @  131657.7270590us:  [m_master_transmission_checker_1] ignored TE (timing error) flag because of gray zone timing  	/nfs/wrk.zaa/gittea/52144/DIGITAL/tb_eugene/dut/dsi3_master_transmission_checker.svh(1341) 
UVM_INFO   @  132411.1159660us:  [m_master_transmission_checker_0] ignored TE (timing error) flag because of gray zone timing  	/nfs/wrk.zaa/gittea/52144/DIGITAL/tb_eugene/dut/dsi3_master_transmission_checker.svh(1341) 
UVM_ERROR  @  132411.1159660us:  [m_master_transmission_checker_1] unexpected CRC flag for CRC_EN = 0 in packet header at channel 1, expected 0, read 0  	/nfs/wrk.zaa/gittea/52144/DIGITAL/tb_eugene/dut/dsi3_master_transmission_checker.svh(1327) 
UVM_INFO   @  132411.1159660us:  [m_master_transmission_checker_1] ignored TE (timing error) flag because of gray zone timing  	/nfs/wrk.zaa/gittea/52144/DIGITAL/tb_eugene/dut/dsi3_master_transmission_checker.svh(1341) 
UVM_ERROR  @  133161.9492580us:  [m_master_transmission_checker_0] unexpected CRC flag for CRC_EN = 0 in packet header at channel 0, expected 0, read 0  	/nfs/wrk.zaa/gittea/52144/DIGITAL/tb_eugene/dut/dsi3_master_transmission_checker.svh(1327) 
UVM_INFO   @  133161.9492580us:  [m_master_transmission_checker_0] ignored TE (timing error) flag because of gray zone timing  	/nfs/wrk.zaa/gittea/52144/DIGITAL/tb_eugene/dut/dsi3_master_transmission_checker.svh(1341) 
UVM_INFO   @  133161.9492580us:  [m_master_transmission_checker_1] ignored TE (timing error) flag because of gray zone timing  	/nfs/wrk.zaa/gittea/52144/DIGITAL/tb_eugene/dut/dsi3_master_transmission_checker.svh(1341) 
UVM_INFO   @  133913.2826260us:  [m_master_transmission_checker_0] ignored TE (timing error) flag because of gray zone timing  	/nfs/wrk.zaa/gittea/52144/DIGITAL/tb_eugene/dut/dsi3_master_transmission_checker.svh(1341) 
UVM_ERROR  @  133913.2826260us:  [m_master_transmission_checker_1] unexpected CRC flag for CRC_EN = 0 in packet header at channel 1, expected 0, read 0  	/nfs/wrk.zaa/gittea/52144/DIGITAL/tb_eugene/dut/dsi3_master_transmission_checker.svh(1327) 
UVM_INFO   @  133913.2826260us:  [m_master_transmission_checker_1] ignored TE (timing error) flag because of gray zone timing  	/nfs/wrk.zaa/gittea/52144/DIGITAL/tb_eugene/dut/dsi3_master_transmission_checker.svh(1341) 
UVM_ERROR  @  134662.5604220us:  [m_master_transmission_checker_0] unexpected CRC flag for CRC_EN = 0 in packet header at channel 0, expected 0, read 0  	/nfs/wrk.zaa/gittea/52144/DIGITAL/tb_eugene/dut/dsi3_master_transmission_checker.svh(1327) 
UVM_INFO   @  134662.5604220us:  [m_master_transmission_checker_0] ignored TE (timing error) flag because of gray zone timing  	/nfs/wrk.zaa/gittea/52144/DIGITAL/tb_eugene/dut/dsi3_master_transmission_checker.svh(1341) 
UVM_ERROR  @  134662.5604220us:  [m_master_transmission_checker_1] unexpected CRC flag for CRC_EN = 0 in packet header at channel 1, expected 0, read 0  	/nfs/wrk.zaa/gittea/52144/DIGITAL/tb_eugene/dut/dsi3_master_transmission_checker.svh(1327) 
UVM_INFO   @  134662.5604220us:  [m_master_transmission_checker_1] ignored TE (timing error) flag because of gray zone timing  	/nfs/wrk.zaa/gittea/52144/DIGITAL/tb_eugene/dut/dsi3_master_transmission_checker.svh(1341) 
UVM_INFO   @  135413.7826060us:  [m_master_transmission_checker_0] ignored TE (timing error) flag because of gray zone timing  	/nfs/wrk.zaa/gittea/52144/DIGITAL/tb_eugene/dut/dsi3_master_transmission_checker.svh(1341) 
UVM_ERROR  @  135413.7826060us:  [m_master_transmission_checker_1] unexpected CRC flag for CRC_EN = 0 in packet header at channel 1, expected 0, read 0  	/nfs/wrk.zaa/gittea/52144/DIGITAL/tb_eugene/dut/dsi3_master_transmission_checker.svh(1327) 
UVM_INFO   @  135413.7826060us:  [m_master_transmission_checker_1] ignored TE (timing error) flag because of gray zone timing  	/nfs/wrk.zaa/gittea/52144/DIGITAL/tb_eugene/dut/dsi3_master_transmission_checker.svh(1341) 
UVM_ERROR  @  136162.9492900us:  [m_master_transmission_checker_0] unexpected CRC flag for CRC_EN = 0 in packet header at channel 0, expected 0, read 0  	/nfs/wrk.zaa/gittea/52144/DIGITAL/tb_eugene/dut/dsi3_master_transmission_checker.svh(1327) 
UVM_INFO   @  136162.9492900us:  [m_master_transmission_checker_0] ignored TE (timing error) flag because of gray zone timing  	/nfs/wrk.zaa/gittea/52144/DIGITAL/tb_eugene/dut/dsi3_master_transmission_checker.svh(1341) 
UVM_ERROR  @  136162.9492900us:  [m_master_transmission_checker_1] unexpected CRC flag for CRC_EN = 0 in packet header at channel 1, expected 0, read 0  	/nfs/wrk.zaa/gittea/52144/DIGITAL/tb_eugene/dut/dsi3_master_transmission_checker.svh(1327) 
UVM_INFO   @  136162.9492900us:  [m_master_transmission_checker_1] ignored TE (timing error) flag because of gray zone timing  	/nfs/wrk.zaa/gittea/52144/DIGITAL/tb_eugene/dut/dsi3_master_transmission_checker.svh(1341) 
UVM_ERROR  @  136915.6159300us:  [m_master_transmission_checker_0] unexpected CRC flag for CRC_EN = 0 in packet header at channel 0, expected 0, read 0  	/nfs/wrk.zaa/gittea/52144/DIGITAL/tb_eugene/dut/dsi3_master_transmission_checker.svh(1327) 
UVM_INFO   @  136915.6159300us:  [m_master_transmission_checker_0] ignored TE (timing error) flag because of gray zone timing  	/nfs/wrk.zaa/gittea/52144/DIGITAL/tb_eugene/dut/dsi3_master_transmission_checker.svh(1341) 
UVM_INFO   @  136915.6159300us:  [m_master_transmission_checker_1] ignored TE (timing error) flag because of gray zone timing  	/nfs/wrk.zaa/gittea/52144/DIGITAL/tb_eugene/dut/dsi3_master_transmission_checker.svh(1341) 
UVM_ERROR  @  137665.0048380us:  [m_master_transmission_checker_0] unexpected CRC flag for CRC_EN = 0 in packet header at channel 0, expected 0, read 0  	/nfs/wrk.zaa/gittea/52144/DIGITAL/tb_eugene/dut/dsi3_master_transmission_checker.svh(1327) 
UVM_INFO   @  137665.0048380us:  [m_master_transmission_checker_0] ignored TE (timing error) flag because of gray zone timing  	/nfs/wrk.zaa/gittea/52144/DIGITAL/tb_eugene/dut/dsi3_master_transmission_checker.svh(1341) 
UVM_ERROR  @  137665.0048380us:  [m_master_transmission_checker_1] unexpected CRC flag for CRC_EN = 0 in packet header at channel 1, expected 0, read 0  	/nfs/wrk.zaa/gittea/52144/DIGITAL/tb_eugene/dut/dsi3_master_transmission_checker.svh(1327) 
UVM_INFO   @  137665.0048380us:  [m_master_transmission_checker_1] ignored TE (timing error) flag because of gray zone timing  	/nfs/wrk.zaa/gittea/52144/DIGITAL/tb_eugene/dut/dsi3_master_transmission_checker.svh(1341) 
UVM_INFO   @  138416.6714700us:  [m_master_transmission_checker_0] ignored TE (timing error) flag because of gray zone timing  	/nfs/wrk.zaa/gittea/52144/DIGITAL/tb_eugene/dut/dsi3_master_transmission_checker.svh(1341) 
UVM_ERROR  @  138416.6714700us:  [m_master_transmission_checker_1] unexpected CRC flag for CRC_EN = 0 in packet header at channel 1, expected 0, read 0  	/nfs/wrk.zaa/gittea/52144/DIGITAL/tb_eugene/dut/dsi3_master_transmission_checker.svh(1327) 
UVM_INFO   @  138416.6714700us:  [m_master_transmission_checker_1] ignored TE (timing error) flag because of gray zone timing  	/nfs/wrk.zaa/gittea/52144/DIGITAL/tb_eugene/dut/dsi3_master_transmission_checker.svh(1341) 
UVM_INFO   @  139172.2270370us:  [m_master_transmission_checker_0] ignored TE (timing error) flag because of gray zone timing  	/nfs/wrk.zaa/gittea/52144/DIGITAL/tb_eugene/dut/dsi3_master_transmission_checker.svh(1341) 
UVM_ERROR  @  139172.2270370us:  [m_master_transmission_checker_1] unexpected CRC flag for CRC_EN = 0 in packet header at channel 1, expected 0, read 0  	/nfs/wrk.zaa/gittea/52144/DIGITAL/tb_eugene/dut/dsi3_master_transmission_checker.svh(1327) 
UVM_INFO   @  139172.2270370us:  [m_master_transmission_checker_1] ignored TE (timing error) flag because of gray zone timing  	/nfs/wrk.zaa/gittea/52144/DIGITAL/tb_eugene/dut/dsi3_master_transmission_checker.svh(1341) 
UVM_INFO   @  139919.1715190us:  [m_master_transmission_checker_0] ignored TE (timing error) flag because of gray zone timing  	/nfs/wrk.zaa/gittea/52144/DIGITAL/tb_eugene/dut/dsi3_master_transmission_checker.svh(1341) 
UVM_ERROR  @  139919.1715190us:  [m_master_transmission_checker_1] unexpected CRC flag for CRC_EN = 0 in packet header at channel 1, expected 0, read 0  	/nfs/wrk.zaa/gittea/52144/DIGITAL/tb_eugene/dut/dsi3_master_transmission_checker.svh(1327) 
UVM_INFO   @  139919.1715190us:  [m_master_transmission_checker_1] ignored TE (timing error) flag because of gray zone timing  	/nfs/wrk.zaa/gittea/52144/DIGITAL/tb_eugene/dut/dsi3_master_transmission_checker.svh(1341) 
UVM_INFO   @  139972.1565190us:  [sim:measure]           't__CRM,answer,low,16__' = '545' condition = 't__DSI,BIT__ = BITTIME_16US' 
UVM_ERROR  @  140670.2826100us:  [m_master_transmission_checker_0] unexpected CRC flag for CRC_EN = 0 in packet header at channel 0, expected 0, read 0  	/nfs/wrk.zaa/gittea/52144/DIGITAL/tb_eugene/dut/dsi3_master_transmission_checker.svh(1327) 
UVM_INFO   @  140670.2826100us:  [m_master_transmission_checker_0] ignored TE (timing error) flag because of gray zone timing  	/nfs/wrk.zaa/gittea/52144/DIGITAL/tb_eugene/dut/dsi3_master_transmission_checker.svh(1341) 
UVM_INFO   @  140670.2826100us:  [m_master_transmission_checker_1] ignored TE (timing error) flag because of gray zone timing  	/nfs/wrk.zaa/gittea/52144/DIGITAL/tb_eugene/dut/dsi3_master_transmission_checker.svh(1341) 
UVM_INFO   @  141423.7825900us:  [m_master_transmission_checker_0] ignored TE (timing error) flag because of gray zone timing  	/nfs/wrk.zaa/gittea/52144/DIGITAL/tb_eugene/dut/dsi3_master_transmission_checker.svh(1341) 
UVM_ERROR  @  141423.7825900us:  [m_master_transmission_checker_1] unexpected CRC flag for CRC_EN = 0 in packet header at channel 1, expected 0, read 0  	/nfs/wrk.zaa/gittea/52144/DIGITAL/tb_eugene/dut/dsi3_master_transmission_checker.svh(1327) 
UVM_INFO   @  141423.7825900us:  [m_master_transmission_checker_1] ignored TE (timing error) flag because of gray zone timing  	/nfs/wrk.zaa/gittea/52144/DIGITAL/tb_eugene/dut/dsi3_master_transmission_checker.svh(1341) 
UVM_INFO   @  141476.7675900us:  [sim:measure]           't__CRM,answer,low,16__' = '543' condition = 't__DSI,BIT__ = BITTIME_16US' 
UVM_ERROR  @  143031.2270780us:  [m_master_transmission_checker_0] unexpected CRC flag for CRC_EN = 0 in packet header at channel 0, expected 0, read 0  	/nfs/wrk.zaa/gittea/52144/DIGITAL/tb_eugene/dut/dsi3_master_transmission_checker.svh(1327) 
UVM_ERROR  @  143817.5603660us:  [m_master_transmission_checker_0] unexpected CRC flag for CRC_EN = 0 in packet header at channel 0, expected 0, read 0  	/nfs/wrk.zaa/gittea/52144/DIGITAL/tb_eugene/dut/dsi3_master_transmission_checker.svh(1327) 
UVM_ERROR  @  143817.5603660us:  [m_master_transmission_checker_1] unexpected CRC flag for CRC_EN = 0 in packet header at channel 1, expected 0, read 0  	/nfs/wrk.zaa/gittea/52144/DIGITAL/tb_eugene/dut/dsi3_master_transmission_checker.svh(1327) 
UVM_ERROR  @  144602.0048220us:  [m_master_transmission_checker_0] unexpected CRC flag for CRC_EN = 0 in packet header at channel 0, expected 0, read 0  	/nfs/wrk.zaa/gittea/52144/DIGITAL/tb_eugene/dut/dsi3_master_transmission_checker.svh(1327) 
UVM_ERROR  @  144602.0048220us:  [m_master_transmission_checker_1] unexpected CRC flag for CRC_EN = 0 in packet header at channel 1, expected 0, read 0  	/nfs/wrk.zaa/gittea/52144/DIGITAL/tb_eugene/dut/dsi3_master_transmission_checker.svh(1327) 
UVM_ERROR  @  146176.3937060us:  [m_master_transmission_checker_0] unexpected CRC flag for CRC_EN = 0 in packet header at channel 0, expected 0, read 0  	/nfs/wrk.zaa/gittea/52144/DIGITAL/tb_eugene/dut/dsi3_master_transmission_checker.svh(1327) 
UVM_ERROR  @  146176.3937060us:  [m_master_transmission_checker_1] unexpected CRC flag for CRC_EN = 0 in packet header at channel 1, expected 0, read 0  	/nfs/wrk.zaa/gittea/52144/DIGITAL/tb_eugene/dut/dsi3_master_transmission_checker.svh(1327) 
UVM_ERROR  @  146966.1159290us:  [m_master_transmission_checker_1] unexpected CRC flag for CRC_EN = 0 in packet header at channel 1, expected 0, read 0  	/nfs/wrk.zaa/gittea/52144/DIGITAL/tb_eugene/dut/dsi3_master_transmission_checker.svh(1327) 
UVM_ERROR  @  147755.0604020us:  [m_master_transmission_checker_0] unexpected CRC flag for CRC_EN = 0 in packet header at channel 0, expected 0, read 0  	/nfs/wrk.zaa/gittea/52144/DIGITAL/tb_eugene/dut/dsi3_master_transmission_checker.svh(1327) 
UVM_ERROR  @  147755.0604020us:  [m_master_transmission_checker_1] unexpected CRC flag for CRC_EN = 0 in packet header at channel 1, expected 0, read 0  	/nfs/wrk.zaa/gittea/52144/DIGITAL/tb_eugene/dut/dsi3_master_transmission_checker.svh(1327) 
UVM_INFO   @  147755.0604020us:  [m_master_transmission_checker_1] ignored TE (timing error) flag because of gray zone timing  	/nfs/wrk.zaa/gittea/52144/DIGITAL/tb_eugene/dut/dsi3_master_transmission_checker.svh(1341) 
UVM_INFO   @  148542.8937020us:  [m_master_transmission_checker_0] ignored TE (timing error) flag because of gray zone timing  	/nfs/wrk.zaa/gittea/52144/DIGITAL/tb_eugene/dut/dsi3_master_transmission_checker.svh(1341) 
UVM_INFO   @  149334.6159230us:  [m_master_transmission_checker_0] ignored TE (timing error) flag because of gray zone timing  	/nfs/wrk.zaa/gittea/52144/DIGITAL/tb_eugene/dut/dsi3_master_transmission_checker.svh(1341) 
UVM_INFO   @  149334.6159230us:  [m_master_transmission_checker_1] ignored TE (timing error) flag because of gray zone timing  	/nfs/wrk.zaa/gittea/52144/DIGITAL/tb_eugene/dut/dsi3_master_transmission_checker.svh(1341) 
UVM_ERROR  @  150126.1714910us:  [m_master_transmission_checker_0] unexpected CRC flag for CRC_EN = 0 in packet header at channel 0, expected 0, read 0  	/nfs/wrk.zaa/gittea/52144/DIGITAL/tb_eugene/dut/dsi3_master_transmission_checker.svh(1327) 
UVM_INFO   @  150126.1714910us:  [m_master_transmission_checker_0] ignored TE (timing error) flag because of gray zone timing  	/nfs/wrk.zaa/gittea/52144/DIGITAL/tb_eugene/dut/dsi3_master_transmission_checker.svh(1341) 
UVM_ERROR  @  150126.1714910us:  [m_master_transmission_checker_1] unexpected CRC flag for CRC_EN = 0 in packet header at channel 1, expected 0, read 0  	/nfs/wrk.zaa/gittea/52144/DIGITAL/tb_eugene/dut/dsi3_master_transmission_checker.svh(1327) 
UVM_INFO   @  150126.1714910us:  [m_master_transmission_checker_1] ignored TE (timing error) flag because of gray zone timing  	/nfs/wrk.zaa/gittea/52144/DIGITAL/tb_eugene/dut/dsi3_master_transmission_checker.svh(1341) 
UVM_INFO   @  150917.8381670us:  [m_master_transmission_checker_0] ignored TE (timing error) flag because of gray zone timing  	/nfs/wrk.zaa/gittea/52144/DIGITAL/tb_eugene/dut/dsi3_master_transmission_checker.svh(1341) 
UVM_INFO   @  150917.8381670us:  [m_master_transmission_checker_1] ignored TE (timing error) flag because of gray zone timing  	/nfs/wrk.zaa/gittea/52144/DIGITAL/tb_eugene/dut/dsi3_master_transmission_checker.svh(1341) 
UVM_ERROR  @  151713.4492780us:  [m_master_transmission_checker_0] unexpected CRC flag for CRC_EN = 0 in packet header at channel 0, expected 0, read 0  	/nfs/wrk.zaa/gittea/52144/DIGITAL/tb_eugene/dut/dsi3_master_transmission_checker.svh(1327) 
UVM_INFO   @  151713.4492780us:  [m_master_transmission_checker_0] ignored TE (timing error) flag because of gray zone timing  	/nfs/wrk.zaa/gittea/52144/DIGITAL/tb_eugene/dut/dsi3_master_transmission_checker.svh(1341) 
UVM_INFO   @  151713.4492780us:  [m_master_transmission_checker_1] ignored TE (timing error) flag because of gray zone timing  	/nfs/wrk.zaa/gittea/52144/DIGITAL/tb_eugene/dut/dsi3_master_transmission_checker.svh(1341) 
UVM_INFO   @  152507.0604020us:  [m_master_transmission_checker_0] ignored TE (timing error) flag because of gray zone timing  	/nfs/wrk.zaa/gittea/52144/DIGITAL/tb_eugene/dut/dsi3_master_transmission_checker.svh(1341) 
UVM_INFO   @  152507.0604020us:  [m_master_transmission_checker_1] ignored TE (timing error) flag because of gray zone timing  	/nfs/wrk.zaa/gittea/52144/DIGITAL/tb_eugene/dut/dsi3_master_transmission_checker.svh(1341) 
UVM_ERROR  @  153305.3381580us:  [m_master_transmission_checker_0] unexpected CRC flag for CRC_EN = 0 in packet header at channel 0, expected 0, read 0  	/nfs/wrk.zaa/gittea/52144/DIGITAL/tb_eugene/dut/dsi3_master_transmission_checker.svh(1327) 
UVM_INFO   @  153305.3381580us:  [m_master_transmission_checker_0] ignored TE (timing error) flag because of gray zone timing  	/nfs/wrk.zaa/gittea/52144/DIGITAL/tb_eugene/dut/dsi3_master_transmission_checker.svh(1341) 
UVM_ERROR  @  153305.3381580us:  [m_master_transmission_checker_1] unexpected CRC flag for CRC_EN = 0 in packet header at channel 1, expected 0, read 0  	/nfs/wrk.zaa/gittea/52144/DIGITAL/tb_eugene/dut/dsi3_master_transmission_checker.svh(1327) 
UVM_INFO   @  153305.3381580us:  [m_master_transmission_checker_1] ignored TE (timing error) flag because of gray zone timing  	/nfs/wrk.zaa/gittea/52144/DIGITAL/tb_eugene/dut/dsi3_master_transmission_checker.svh(1341) 
UVM_ERROR  @  154101.8381940us:  [m_master_transmission_checker_0] unexpected CRC flag for CRC_EN = 0 in packet header at channel 0, expected 0, read 0  	/nfs/wrk.zaa/gittea/52144/DIGITAL/tb_eugene/dut/dsi3_master_transmission_checker.svh(1327) 
UVM_INFO   @  154101.8381940us:  [m_master_transmission_checker_0] ignored TE (timing error) flag because of gray zone timing  	/nfs/wrk.zaa/gittea/52144/DIGITAL/tb_eugene/dut/dsi3_master_transmission_checker.svh(1341) 
UVM_ERROR  @  154101.8381940us:  [m_master_transmission_checker_1] unexpected CRC flag for CRC_EN = 0 in packet header at channel 1, expected 0, read 0  	/nfs/wrk.zaa/gittea/52144/DIGITAL/tb_eugene/dut/dsi3_master_transmission_checker.svh(1327) 
UVM_INFO   @  154101.8381940us:  [m_master_transmission_checker_1] ignored TE (timing error) flag because of gray zone timing  	/nfs/wrk.zaa/gittea/52144/DIGITAL/tb_eugene/dut/dsi3_master_transmission_checker.svh(1341) 
UVM_INFO   @  154154.8231940us:  [sim:measure]           't__CRM,answer,high,16__' = '624' condition = 't__DSI,BIT__ = BITTIME_16US' 
UVM_INFO   @  154900.5048420us:  [m_master_transmission_checker_0] ignored TE (timing error) flag because of gray zone timing  	/nfs/wrk.zaa/gittea/52144/DIGITAL/tb_eugene/dut/dsi3_master_transmission_checker.svh(1341) 
UVM_ERROR  @  154900.5048420us:  [m_master_transmission_checker_1] unexpected CRC flag for CRC_EN = 0 in packet header at channel 1, expected 0, read 0  	/nfs/wrk.zaa/gittea/52144/DIGITAL/tb_eugene/dut/dsi3_master_transmission_checker.svh(1327) 
UVM_INFO   @  154900.5048420us:  [m_master_transmission_checker_1] ignored TE (timing error) flag because of gray zone timing  	/nfs/wrk.zaa/gittea/52144/DIGITAL/tb_eugene/dut/dsi3_master_transmission_checker.svh(1341) 
UVM_INFO   @  155699.2270460us:  [m_master_transmission_checker_0] ignored TE (timing error) flag because of gray zone timing  	/nfs/wrk.zaa/gittea/52144/DIGITAL/tb_eugene/dut/dsi3_master_transmission_checker.svh(1341) 
UVM_ERROR  @  155699.2270460us:  [m_master_transmission_checker_1] unexpected CRC flag for CRC_EN = 0 in packet header at channel 1, expected 0, read 0  	/nfs/wrk.zaa/gittea/52144/DIGITAL/tb_eugene/dut/dsi3_master_transmission_checker.svh(1327) 
UVM_INFO   @  155699.2270460us:  [m_master_transmission_checker_1] ignored TE (timing error) flag because of gray zone timing  	/nfs/wrk.zaa/gittea/52144/DIGITAL/tb_eugene/dut/dsi3_master_transmission_checker.svh(1341) 
UVM_INFO   @  155752.2120460us:  [sim:measure]           't__CRM,answer,high,16__' = '626' condition = 't__DSI,BIT__ = BITTIME_16US' 
UVM_INFO   @  155865.7320460us:  [sim:measure]           'CRM_TIME' status = PASS 
UVM_INFO   @  155865.7320460us:  [sim:description:1]     *measure CRM answer time on all channels 
UVM_ERROR  @  157106.9492980us:  [m_master_transmission_checker_0] unexpected CRC flag for CRC_EN = 0 in packet header at channel 0, expected 0, read 0  	/nfs/wrk.zaa/gittea/52144/DIGITAL/tb_eugene/dut/dsi3_master_transmission_checker.svh(1327) 
UVM_ERROR  @  157106.9492980us:  [m_master_transmission_checker_1] unexpected CRC flag for CRC_EN = 0 in packet header at channel 1, expected 0, read 0  	/nfs/wrk.zaa/gittea/52144/DIGITAL/tb_eugene/dut/dsi3_master_transmission_checker.svh(1327) 

+++++++++++++++++++++++++++++++++++++++++++++++++++++++++++++++++++++++++++++++
 ++ ready:   ./simv_52144_dsi3_crm_timing +UVM_VERBOSITY=UVM_MEDIUM +bus_conflict_off +warn=noFCICIO -ucli -assert nopostproc +UVM_LOG_RECORD -verdi_opts '-ssr Verdi.ses' +uvm_set_type_override=top_default_seq,dsi3_crm_timing_seq -i run.tcl -vcs_assert off +UVM_VERDI_TRACE="UVM_AWARE+RAL+TLM+MSG+HIER+PRINT" +UVM_LOG_RECORD +UVM_TESTNAME=top_test +UVM_TR_RECORD +vcs+lic+wait -reportstats -cm line+cond+fsm+tgl+branch+assert -cm_dir DIGITAL/results/vcs/dsi3_crm_timing.vdb -lca   +fsdbfile+dsi3_crm_timing.fsdb
 ++ in dir   /nfs/wrk.zaa/sim/52144/m52144a/dsi3_crm_timing
 ++ on host  ex04.elmos.de
 ++ user     zaa
 ++ endtime  2025-06-09T10:06:59
 ++ took     166 seconds
+++++++++++++++++++++++++++++++++++++++++++++++++++++++++++++++++++++++++++++++
