+++ calling  ./simv_52144_otp_trimming +UVM_VERBOSITY=UVM_MEDIUM +bus_conflict_off +warn=noFCICIO -ucli -assert nopostproc +UVM_LOG_RECORD -verdi_opts '-ssr Verdi.ses' +uvm_set_type_override=top_default_seq,otp_trimming_seq -i run.tcl -vcs_assert off +UVM_VERDI_TRACE="UVM_AWARE+RAL+TLM+MSG+HIER+PRINT" +UVM_LOG_RECORD +UVM_TESTNAME=top_test +UVM_TR_RECORD +vcs+lic+wait -reportstats -cm line+cond+fsm+tgl+branch+assert -cm_dir DIGITAL/results/vcs/otp_trimming.vdb -lca   +fsdbfile+otp_trimming.fsdb
 ++ in dir   /nfs/wrk.zaa/sim/52144/m52144a/otp_trimming
 ++ on host  ex04.elmos.de
 ++ user     zaa
 ++ start    2025-05-06T21:47:15
+++++++++++++++++++++++++++++++++++++++++++++++++++++++++++++++++++++++++++++++


Warning-[LCA_FEATURES_ENABLED] Usage warning
  LCA features enabled by '-lca' argument on the command line.  For more 
  information regarding list of LCA features please refer to Chapter "LCA 
  features" in the VCS Release Notes

Chronologic VCS simulator copyright 1991-2021
Contains Synopsys proprietary information.
Compiler version S-2021.09-1_Full64; Runtime version S-2021.09-1_Full64;  May  6 23:47 2025
UVM_INFO /common/run/synopsys/vcs/S-2021.09-1/etc/uvm-1.2/src/base/uvm_root.svh(402) @ 0: reporter [UVM/RELNOTES] 
----------------------------------------------------------------
UVM-1.2.Synopsys
(C) 2007-2014 Mentor Graphics Corporation
(C) 2007-2014 Cadence Design Systems, Inc.
(C) 2006-2014 Synopsys, Inc.
(C) 2011-2013 Cypress Semiconductor Corp.
(C) 2013-2014 NVIDIA Corporation
----------------------------------------------------------------

  ***********       IMPORTANT RELEASE NOTES         ************

  You are using a version of the UVM library that has been compiled
  with `UVM_OBJECT_DO_NOT_NEED_CONSTRUCTOR undefined.
  See http://www.eda.org/svdb/view.php?id=3770 for more details.

      (Specify +UVM_NO_RELNOTES to turn off this notice)


 VCS Coverage Metrics Release S-2021.09-1_Full64 Copyright (c) 1991-2021 by Synopsys Inc.
ucli% source dump.tcl
*Verdi* Loading libsscore_vcsmx202109.so
FSDB Dumper for VCS-MX, Release Verdi_U-2023.03-1, Linux x86_64/64bit, 04/17/2023
(C) 1996 - 2023 by Synopsys, Inc.
*Verdi* : Create FSDB file 'otp_trimming.fsdb'
*Verdi* : fsdbDumpon("glitch") - All FSDB files at 0 ps.
*Verdi* : Begin traversing the scope (top_tb), layer (0).
*Verdi* : Enable +all dumping.
*Verdi* : End of traversing.
*Verdi* : Flush all FSDB Files at 0 ps.
1
ucli% if { [info exists ::env(GATE_LEVEL)] } {
	source tcheck.tcl
}
ucli% run
*Verdi* Enable Verdi Message Catcher.
UVM_INFO /common/run/synopsys/vcs/S-2021.09-1/etc/uvm-1.2/src/verdi/uvm_custom_install_verdi_recorder.sv(283) @ 0: reporter [VERDI_TR_AUTO] +UVM_TR_RECORD implicitly enables recording_details to UVM_FULL for all components. For explicit control use +UVM_DISABLE_AUTO_COMPONENT and set recording_detail on components accordingly
UVM_INFO @ 0: reporter [RNTST] Running test top_test...

<<SiDENSE_IPS_WARN [0]:\top_tb.th.i_dut_wrapper.xtop.xdigtop.i_logic_top.i_test.i_test_control.i_otp_wrapper.U_OTPWRAP_L3_TOP.U_OTPWRAP_L2_CPU.U_OTPWRAP_L1_JTAG.U_OTPWRAP_L0_ATPG.GEN_TSMC.U_OTP4KX12 .u_ips:   Not Allowed controls for VRR applied. {VRREN,MRR[15],MRR[12:7]} = x_x_xxxxxx

<<SiDENSE_IPS_WARN [0]:\top_tb.th.i_dut_wrapper.xtop.xdigtop.i_logic_top.i_test.i_test_control.i_otp_wrapper.U_OTPWRAP_L3_TOP.U_OTPWRAP_L2_CPU.U_OTPWRAP_L1_JTAG.U_OTPWRAP_L0_ATPG.GEN_TSMC.U_OTP4KX12 .u_ips:   Not Allowed controls for VREF applied. {VRREN,MRR[15],MRR[12:7]} = x_x_xxxxxx

<<SiDENSE_IPS_WARN [0]:\top_tb.th.i_dut_wrapper.xtop.xdigtop.i_logic_top.i_test.i_test_control.i_otp_wrapper.U_OTPWRAP_L3_TOP.U_OTPWRAP_L2_CPU.U_OTPWRAP_L1_JTAG.U_OTPWRAP_L0_ATPG.GEN_TSMC.U_OTP4KX12 .u_ips:   Not Allowed controls for VBG applied. {VRREN,MRR[15],MRR[12:7]} = x_x_xxxxxx
UVM_INFO @ 0: reporter [UVM_CMDLINE_PROC] Applying type override from the command line: +uvm_set_type_override=top_default_seq,otp_trimming_seq
UVM_INFO   @       0.0000000us:  [UVM_VERDI_DPI]         uvm_verdi DPI routines are compiled off. Recompile without +define+UVM_NO_VERDI_DPI 
UVM_INFO   @       0.0000000us:  [otp_trimming_seq]      otp_trimming_seq sequence starting  	/nfs/wrk.zaa/52144/DIGITAL/tb_eugene/agents/top/includes/top_seq_inc.sv(92) 
*Verdi* Enable Verdi Recorder.
Info: Verdi UVM 1.2 Hooks File 06/17/2014 
UVM_INFO   @       0.0010000us:  [sim:task]              otp_trimming 
UVM_INFO   @    2120.0010000us:  [sim:description]       '''Testcase for OTP trimmings''' 
UVM_INFO   @    2120.0010000us:  [sim:description:1]     *Check the startup value in RAM 
UVM_INFO   @    2120.0010000us:  [otp_trimming_seq]      changed OTP content using file: otp_wave_shaping.dat  	/nfs/wrk.zaa/52144/DIGITAL/tb_eugene/agents/top/includes/top_seq_inc.sv(314) 
UVM_INFO   @   20441.4410000us:  [sim:measure]           'ECC_IRQ_STAT' status = PASS 
UVM_ERROR  @   20454.7760000us:  [m_behaviour_checker]   Mirroring error: 2. word 0x6e79 of 2. command has not been mirrored (output data is 0x43db)  	/nfs/wrk.zaa/52144/DIGITAL/tb_eugene/agents/spi/components/behaviour_checker.svh(49) 
UVM_INFO   @   39623.2151900us:  [sim:description:1]     *Check OTP read during vcc setup 
UVM_INFO   @   39623.2151900us:  [otp_trimming_seq]      changed OTP content using file: otp_wave_shaping.dat  	/nfs/wrk.zaa/52144/DIGITAL/tb_eugene/agents/top/includes/top_seq_inc.sv(314) 
UVM_INFO   @   40913.2151900us:  [sim:description:1]     *Check: applicative OTP read through SPI 
UVM_INFO   @   41413.8551900us:  [sim:description:1]     *Check unprogrammed OTP 
UVM_INFO   @   41413.8551900us:  [otp_trimming_seq]      changed OTP content using file: otp_unprogrammed.dat  	/nfs/wrk.zaa/52144/DIGITAL/tb_eugene/agents/top/includes/top_seq_inc.sv(314) 
UVM_INFO   @   41988.9457600us:  [sim:measure]           'IRQ_STAT' status = PASS 
UVM_INFO   @   42088.9457600us:  [sim:description:1]     *Check OTP full with data 
UVM_INFO   @   42088.9457600us:  [otp_trimming_seq]      changed OTP content using file: otp_full.dat  	/nfs/wrk.zaa/52144/DIGITAL/tb_eugene/agents/top/includes/top_seq_inc.sv(314) 
UVM_INFO   @   44368.5951400us:  [sim:measure]           'IRQ_STAT' status = PASS 
UVM_INFO   @   44468.5951400us:  [sim:description:1]     *Check OTP read stop condition: address equals 0 after ECC correction 
UVM_INFO   @   44468.5951400us:  [otp_trimming_seq]      changed OTP content using file: otp_stop_read.dat  	/nfs/wrk.zaa/52144/DIGITAL/tb_eugene/agents/top/includes/top_seq_inc.sv(314) 
UVM_INFO   @   45668.5951400us:  [sim:description:1]     *Check OTP: 2bits ECC Error in address 
UVM_INFO   @   45668.5951400us:  [otp_trimming_seq]      changed OTP content using file: otp_addr_ecc_err.dat  	/nfs/wrk.zaa/52144/DIGITAL/tb_eugene/agents/top/includes/top_seq_inc.sv(314) 
UVM_INFO   @   46465.3173340us:  [sim:measure]           'IRQ_STAT' status = PASS 
UVM_INFO   @   46565.3173340us:  [sim:description:1]     *Check OTP: 2bits ECC Error in data 
UVM_INFO   @   46565.3173340us:  [otp_trimming_seq]      changed OTP content using file: otp_data_ecc_err.dat  	/nfs/wrk.zaa/52144/DIGITAL/tb_eugene/agents/top/includes/top_seq_inc.sv(314) 
UVM_INFO   @   47506.1050200us:  [sim:measure]           'IRQ_STAT' status = PASS 
UVM_INFO   @   47606.1050200us:  [sim:status]            PASS 
UVM_INFO   @   47606.1050200us:  [sim:end]               otp_trimming sequence completed 
UVM_INFO   @   47606.1050200us:  [real_signal_coverage]  Coverage score = 0.0%  	/nfs/wrk.zaa/52144/DIGITAL/tb_eugene/agents/real_signal/real_signal_coverage.sv(53) 
UVM_INFO   @   47606.1050200us:  [digital_signal_coverage] Coverage score = 37.5%  	/nfs/wrk.zaa/52144/DIGITAL/tb_eugene/agents/digital_signal/digital_signal_coverage.sv(52) 
UVM_INFO   @   47606.1050200us:  [digital_signal_coverage] Coverage score = 37.5%  	/nfs/wrk.zaa/52144/DIGITAL/tb_eugene/agents/digital_signal/digital_signal_coverage.sv(52) 
UVM_INFO   @   47606.1050200us:  [dsi3_master_coverage]  Coverage score = 0.0%  	/nfs/wrk.zaa/52144/DIGITAL/tb_eugene/agents/dsi3_master/dsi3_master_coverage.sv(52) 
UVM_INFO   @   47606.1050200us:  [dsi3_master_coverage]  Coverage score = 0.0%  	/nfs/wrk.zaa/52144/DIGITAL/tb_eugene/agents/dsi3_master/dsi3_master_coverage.sv(52) 
UVM_INFO   @   47606.1050200us:  [dsi3_slave_coverage]   Coverage score = 0.0%  	/nfs/wrk.zaa/52144/DIGITAL/tb_eugene/agents/dsi3_slave/dsi3_slave_coverage.sv(57) 
UVM_INFO   @   47606.1050200us:  [dsi3_slave_coverage]   Coverage score = 0.0%  	/nfs/wrk.zaa/52144/DIGITAL/tb_eugene/agents/dsi3_slave/dsi3_slave_coverage.sv(57) 
UVM_INFO   @   47606.1050200us:  [real_signal_coverage]  Coverage score = 0.0%  	/nfs/wrk.zaa/52144/DIGITAL/tb_eugene/agents/real_signal/real_signal_coverage.sv(53) 
UVM_INFO   @   47606.1050200us:  [real_signal_coverage]  Coverage score = 0.0%  	/nfs/wrk.zaa/52144/DIGITAL/tb_eugene/agents/real_signal/real_signal_coverage.sv(53) 
UVM_INFO   @   47606.1050200us:  [digital_signal_coverage] Coverage score = 37.5%  	/nfs/wrk.zaa/52144/DIGITAL/tb_eugene/agents/digital_signal/digital_signal_coverage.sv(52) 
UVM_INFO   @   47606.1050200us:  [jtag_master_coverage]  Coverage score = 0.0%  	/nfs/wrk.zaa/52144/DIGITAL/tb_eugene/agents/jtag_master/jtag_master_coverage.sv(57) 
UVM_INFO   @   47606.1050200us:  [real_signal_coverage]  Coverage score = 0.0%  	/nfs/wrk.zaa/52144/DIGITAL/tb_eugene/agents/real_signal/real_signal_coverage.sv(53) 
UVM_INFO   @   47606.1050200us:  [osc_coverage]          Coverage score = 25.8%  	/nfs/wrk.zaa/52144/DIGITAL/tb_eugene/agents/osc/osc_coverage.sv(52) 
UVM_INFO   @   47606.1050200us:  [digital_signal_coverage] Coverage score = 75.0%  	/nfs/wrk.zaa/52144/DIGITAL/tb_eugene/agents/digital_signal/digital_signal_coverage.sv(52) 
UVM_INFO   @   47606.1050200us:  [digital_signal_coverage] Coverage score = 75.0%  	/nfs/wrk.zaa/52144/DIGITAL/tb_eugene/agents/digital_signal/digital_signal_coverage.sv(52) 
UVM_INFO   @   47606.1050200us:  [digital_signal_coverage] Coverage score = 0.0%  	/nfs/wrk.zaa/52144/DIGITAL/tb_eugene/agents/digital_signal/digital_signal_coverage.sv(52) 
UVM_INFO   @   47606.1050200us:  [digital_signal_coverage] Coverage score = 37.5%  	/nfs/wrk.zaa/52144/DIGITAL/tb_eugene/agents/digital_signal/digital_signal_coverage.sv(52) 
UVM_INFO   @   47606.1050200us:  [real_signal_coverage]  Coverage score = 0.0%  	/nfs/wrk.zaa/52144/DIGITAL/tb_eugene/agents/real_signal/real_signal_coverage.sv(53) 
UVM_INFO   @   47606.1050200us:  [digital_signal_coverage] Coverage score = 0.0%  	/nfs/wrk.zaa/52144/DIGITAL/tb_eugene/agents/digital_signal/digital_signal_coverage.sv(52) 
UVM_INFO   @   47606.1050200us:  [real_signal_coverage]  Coverage score = 0.0%  	/nfs/wrk.zaa/52144/DIGITAL/tb_eugene/agents/real_signal/real_signal_coverage.sv(53) 
UVM_INFO   @   47606.1050200us:  [real_signal_coverage]  Coverage score = 0.0%  	/nfs/wrk.zaa/52144/DIGITAL/tb_eugene/agents/real_signal/real_signal_coverage.sv(53) 
UVM_INFO   @   47606.1050200us:  [real_signal_coverage]  Coverage score = 0.0%  	/nfs/wrk.zaa/52144/DIGITAL/tb_eugene/agents/real_signal/real_signal_coverage.sv(53) 
UVM_INFO   @   47606.1050200us:  [UVM/REPORT/CATCHER]    
--- UVM Report catcher Summary ---


Number of demoted UVM_FATAL reports  :    0
Number of demoted UVM_ERROR reports  :    0
Number of demoted UVM_WARNING reports:    0
Number of caught UVM_FATAL reports   :    0
Number of caught UVM_ERROR reports   :    0
Number of caught UVM_WARNING reports :    0
  	/common/run/synopsys/vcs/S-2021.09-1/etc/uvm-1.2/src/base/uvm_report_catcher.svh(705) 
UVM_INFO   @   47606.1050200us:  [UVM/REPORT/SERVER]     
--- UVM Report Summary ---

** Report counts by severity
UVM_INFO :   53
UVM_WARNING :    0
UVM_ERROR :    1
UVM_FATAL :    0
** Report counts by id
[RNTST]     1
[UVM/RELNOTES]     1
[UVM/REPORT/CATCHER]     1
[UVM_CMDLINE_PROC]     1
[UVM_VERDI_DPI]     1
[VERDI_TR_AUTO]     1
[digital_signal_coverage]     8
[dsi3_master_coverage]     2
[dsi3_slave_coverage]     2
[jtag_master_coverage]     1
[m_behaviour_checker]     1
[osc_coverage]     1
[otp_trimming_seq]     8
[real_signal_coverage]     8
[sim:description]     1
[sim:description:1]     8
[sim:end]     1
[sim:measure]     5
[sim:status]     1
[sim:task]     1
  	/common/run/synopsys/vcs/S-2021.09-1/etc/uvm-1.2/src/base/uvm_report_server.svh(904) 
$finish called from file "/common/run/synopsys/vcs/S-2021.09-1/etc/uvm-1.2/src/base/uvm_root.svh", line 527.
$finish at simulation time          47606105020
Reporting coverage at the end of simulation ...

---------------------------------------------------------------------------
VCS Coverage Metrics: during simulation line, cond, FSM, branch, tgl was monitored
---------------------------------------------------------------------------

 Coverage status: End of All Coverages ...

           V C S   S i m u l a t i o n   R e p o r t 
Time: 47606105020 ps

Simulation Performance Summary
==============================
Simulation started at :  Tue May  6 23:47:16 2025
Elapsed Time          :  197 sec
CPU Time              :  216.1 sec
Virtual memory size   :  924.4 MB
Resident set size     :  446.0 MB
Shared memory size    :  2.6 MB
Private memory size   :  443.5 MB
Major page faults     :  5
Machine name          :  ex04.elmos.de
==============================

Tue May  6 23:50:32 2025

+++++++++++++++++++++++++++++++++++++++++++++++++++++++++++++++++++++++++++++++
 ++ ready:   ./simv_52144_otp_trimming +UVM_VERBOSITY=UVM_MEDIUM +bus_conflict_off +warn=noFCICIO -ucli -assert nopostproc +UVM_LOG_RECORD -verdi_opts '-ssr Verdi.ses' +uvm_set_type_override=top_default_seq,otp_trimming_seq -i run.tcl -vcs_assert off +UVM_VERDI_TRACE="UVM_AWARE+RAL+TLM+MSG+HIER+PRINT" +UVM_LOG_RECORD +UVM_TESTNAME=top_test +UVM_TR_RECORD +vcs+lic+wait -reportstats -cm line+cond+fsm+tgl+branch+assert -cm_dir DIGITAL/results/vcs/otp_trimming.vdb -lca   +fsdbfile+otp_trimming.fsdb
 ++ in dir   /nfs/wrk.zaa/sim/52144/m52144a/otp_trimming
 ++ on host  ex04.elmos.de
 ++ user     zaa
 ++ endtime  2025-05-06T21:50:32
 ++ took     197 seconds
+++++++++++++++++++++++++++++++++++++++++++++++++++++++++++++++++++++++++++++++
